<?xml version="1.0"?>
<!DOCTYPE coverage SYSTEM "http://cobertura.sourceforge.net/xml/coverage-04.dtd">

<coverage line-rate="0.6365795724465558" branch-rate="0.4594594594594595" lines-covered="268" lines-valid="421" branches-covered="68" branches-valid="148" complexity="0.0" version="2.1.1" timestamp="1543344052691">
	<sources>
		<source>/var/lib/jenkins/workspace/ttd6new/src/christmastree</source>
		<source>--source</source>
	</sources>
	<packages>
		<package name="christmastree" line-rate="0.6365795724465558" branch-rate="0.4594594594594595" complexity="0.0">
			<classes>
				<class name="christmastree.ArtificialTree" filename="christmastree/ArtificialTree.java" line-rate="0.5909090909090909" branch-rate="1.0" complexity="0.0">
					<methods>
						<method name="&lt;init&gt;" signature="()V" line-rate="1.0" branch-rate="1.0" complexity="0">
							<lines>
								<line number="25" hits="1" branch="false"/>
								<line number="26" hits="1" branch="false"/>
								<line number="27" hits="1" branch="false"/>
								<line number="28" hits="1" branch="false"/>
								<line number="29" hits="1" branch="false"/>
								<line number="30" hits="1" branch="false"/>
							</lines>
						</method>
						<method name="&lt;init&gt;" signature="(Ljava/lang/String;DLjava/lang/String;Ljava/lang/String;)V" line-rate="1.0" branch-rate="1.0" complexity="0">
							<lines>
								<line number="43" hits="59" branch="false"/>
								<line number="44" hits="59" branch="false"/>
								<line number="45" hits="59" branch="false"/>
								<line number="46" hits="59" branch="false"/>
								<line number="47" hits="59" branch="false"/>
								<line number="48" hits="59" branch="false"/>
							</lines>
						</method>
						<method name="decoratorPossible" signature="()Ljava/util/ArrayList;" line-rate="0.0" branch-rate="1.0" complexity="0">
							<lines>
								<line number="55" hits="0" branch="false"/>
								<line number="56" hits="0" branch="false"/>
								<line number="57" hits="0" branch="false"/>
								<line number="58" hits="0" branch="false"/>
								<line number="59" hits="0" branch="false"/>
							</lines>
						</method>
						<method name="getPlasticType" signature="()Ljava/lang/String;" line-rate="1.0" branch-rate="1.0" complexity="0">
							<lines>
								<line number="63" hits="2" branch="false"/>
							</lines>
						</method>
						<method name="setPlasticType" signature="(Ljava/lang/String;)V" line-rate="0.0" branch-rate="1.0" complexity="0">
							<lines>
								<line number="67" hits="0" branch="false"/>
								<line number="68" hits="0" branch="false"/>
							</lines>
						</method>
						<method name="toString" signature="()Ljava/lang/String;" line-rate="0.0" branch-rate="1.0" complexity="0">
							<lines>
								<line number="72" hits="0" branch="false"/>
								<line number="73" hits="0" branch="false"/>
							</lines>
						</method>
					</methods>
					<lines>
						<line number="25" hits="1" branch="false"/>
						<line number="26" hits="1" branch="false"/>
						<line number="27" hits="1" branch="false"/>
						<line number="28" hits="1" branch="false"/>
						<line number="29" hits="1" branch="false"/>
						<line number="30" hits="1" branch="false"/>
						<line number="43" hits="59" branch="false"/>
						<line number="44" hits="59" branch="false"/>
						<line number="45" hits="59" branch="false"/>
						<line number="46" hits="59" branch="false"/>
						<line number="47" hits="59" branch="false"/>
						<line number="48" hits="59" branch="false"/>
						<line number="55" hits="0" branch="false"/>
						<line number="56" hits="0" branch="false"/>
						<line number="57" hits="0" branch="false"/>
						<line number="58" hits="0" branch="false"/>
						<line number="59" hits="0" branch="false"/>
						<line number="63" hits="2" branch="false"/>
						<line number="67" hits="0" branch="false"/>
						<line number="68" hits="0" branch="false"/>
						<line number="72" hits="0" branch="false"/>
						<line number="73" hits="0" branch="false"/>
					</lines>
				</class>
				<class name="christmastree.AskString" filename="christmastree/AskString.java" line-rate="0.0" branch-rate="1.0" complexity="0.0">
					<methods>
						<method name="&lt;init&gt;" signature="(Ljava/io/InputStream;Ljava/io/PrintStream;)V" line-rate="0.0" branch-rate="1.0" complexity="0">
							<lines>
								<line number="24" hits="0" branch="false"/>
								<line number="25" hits="0" branch="false"/>
								<line number="26" hits="0" branch="false"/>
								<line number="27" hits="0" branch="false"/>
							</lines>
						</method>
						<method name="ask" signature="(Ljava/lang/String;)Ljava/lang/String;" line-rate="0.0" branch-rate="1.0" complexity="0">
							<lines>
								<line number="35" hits="0" branch="false"/>
								<line number="36" hits="0" branch="false"/>
							</lines>
						</method>
						<method name="askBool" signature="(Ljava/lang/String;)Z" line-rate="0.0" branch-rate="1.0" complexity="0">
							<lines>
								<line number="44" hits="0" branch="false"/>
								<line number="45" hits="0" branch="false"/>
							</lines>
						</method>
						<method name="askDouble" signature="(Ljava/lang/String;)D" line-rate="0.0" branch-rate="1.0" complexity="0">
							<lines>
								<line number="53" hits="0" branch="false"/>
								<line number="54" hits="0" branch="false"/>
							</lines>
						</method>
						<method name="askInt" signature="(Ljava/lang/String;)I" line-rate="0.0" branch-rate="1.0" complexity="0">
							<lines>
								<line number="62" hits="0" branch="false"/>
								<line number="63" hits="0" branch="false"/>
							</lines>
						</method>
					</methods>
					<lines>
						<line number="24" hits="0" branch="false"/>
						<line number="25" hits="0" branch="false"/>
						<line number="26" hits="0" branch="false"/>
						<line number="27" hits="0" branch="false"/>
						<line number="35" hits="0" branch="false"/>
						<line number="36" hits="0" branch="false"/>
						<line number="44" hits="0" branch="false"/>
						<line number="45" hits="0" branch="false"/>
						<line number="53" hits="0" branch="false"/>
						<line number="54" hits="0" branch="false"/>
						<line number="62" hits="0" branch="false"/>
						<line number="63" hits="0" branch="false"/>
					</lines>
				</class>
				<class name="christmastree.Balls" filename="christmastree/Balls.java" line-rate="0.9285714285714286" branch-rate="0.5" complexity="0.0">
					<methods>
						<method name="&lt;init&gt;" signature="(Lchristmastree/ChrismasTree;)V" line-rate="0.9090909090909091" branch-rate="0.5" complexity="0">
							<lines>
								<line number="28" hits="16" branch="false"/>
								<line number="29" hits="32" branch="false"/>
								<line number="30" hits="16" branch="true" condition-coverage="50% (1/2)">
									<conditions>
										<condition number="0" type="jump" coverage="50%"/>
									</conditions>
								</line>
								<line number="31" hits="16" branch="false"/>
								<line number="32" hits="16" branch="false"/>
								<line number="33" hits="32" branch="false"/>
								<line number="34" hits="16" branch="true" condition-coverage="50% (1/2)">
									<conditions>
										<condition number="0" type="jump" coverage="50%"/>
									</conditions>
								</line>
								<line number="36" hits="0" branch="false"/>
								<line number="37" hits="32" branch="false"/>
								<line number="38" hits="16" branch="true" condition-coverage="50% (1/2)">
									<conditions>
										<condition number="0" type="jump" coverage="50%"/>
									</conditions>
								</line>
								<line number="39" hits="16" branch="false"/>
							</lines>
						</method>
						<method name="&lt;init&gt;" signature="(Ljava/lang/String;Ljava/lang/String;DLjava/lang/String;Ljava/lang/String;Lchristmastree/ChrismasTree;)V" line-rate="0.9" branch-rate="0.5" complexity="0">
							<lines>
								<line number="60" hits="15" branch="false"/>
								<line number="61" hits="30" branch="false"/>
								<line number="62" hits="15" branch="true" condition-coverage="50% (1/2)">
									<conditions>
										<condition number="0" type="jump" coverage="50%"/>
									</conditions>
								</line>
								<line number="63" hits="15" branch="false"/>
								<line number="65" hits="15" branch="false"/>
								<line number="66" hits="15" branch="false"/>
								<line number="67" hits="15" branch="true" condition-coverage="50% (1/2)">
									<conditions>
										<condition number="0" type="jump" coverage="50%"/>
									</conditions>
								</line>
								<line number="69" hits="0" branch="false"/>
								<line number="70" hits="15" branch="true" condition-coverage="50% (1/2)">
									<conditions>
										<condition number="0" type="jump" coverage="50%"/>
									</conditions>
								</line>
								<line number="71" hits="15" branch="false"/>
							</lines>
						</method>
						<method name="getMaterial" signature="()Ljava/lang/String;" line-rate="1.0" branch-rate="1.0" complexity="0">
							<lines>
								<line number="75" hits="34" branch="false"/>
							</lines>
						</method>
						<method name="getSize" signature="()Ljava/lang/String;" line-rate="1.0" branch-rate="1.0" complexity="0">
							<lines>
								<line number="83" hits="32" branch="false"/>
							</lines>
						</method>
						<method name="setMaterial" signature="(Ljava/lang/String;)V" line-rate="1.0" branch-rate="1.0" complexity="0">
							<lines>
								<line number="79" hits="16" branch="false"/>
								<line number="80" hits="16" branch="false"/>
							</lines>
						</method>
						<method name="setSize" signature="(Ljava/lang/String;)V" line-rate="1.0" branch-rate="1.0" complexity="0">
							<lines>
								<line number="87" hits="16" branch="false"/>
								<line number="88" hits="16" branch="false"/>
							</lines>
						</method>
						<method name="toString" signature="()Ljava/lang/String;" line-rate="1.0" branch-rate="1.0" complexity="0">
							<lines>
								<line number="93" hits="4" branch="false"/>
							</lines>
						</method>
					</methods>
					<lines>
						<line number="28" hits="16" branch="false"/>
						<line number="29" hits="32" branch="false"/>
						<line number="30" hits="16" branch="true" condition-coverage="50% (1/2)">
							<conditions>
								<condition number="0" type="jump" coverage="50%"/>
							</conditions>
						</line>
						<line number="31" hits="16" branch="false"/>
						<line number="32" hits="16" branch="false"/>
						<line number="33" hits="32" branch="false"/>
						<line number="34" hits="16" branch="true" condition-coverage="50% (1/2)">
							<conditions>
								<condition number="0" type="jump" coverage="50%"/>
							</conditions>
						</line>
						<line number="36" hits="0" branch="false"/>
						<line number="37" hits="32" branch="false"/>
						<line number="38" hits="16" branch="true" condition-coverage="50% (1/2)">
							<conditions>
								<condition number="0" type="jump" coverage="50%"/>
							</conditions>
						</line>
						<line number="39" hits="16" branch="false"/>
						<line number="60" hits="15" branch="false"/>
						<line number="61" hits="30" branch="false"/>
						<line number="62" hits="15" branch="true" condition-coverage="50% (1/2)">
							<conditions>
								<condition number="0" type="jump" coverage="50%"/>
							</conditions>
						</line>
						<line number="63" hits="15" branch="false"/>
						<line number="65" hits="15" branch="false"/>
						<line number="66" hits="15" branch="false"/>
						<line number="67" hits="15" branch="true" condition-coverage="50% (1/2)">
							<conditions>
								<condition number="0" type="jump" coverage="50%"/>
							</conditions>
						</line>
						<line number="69" hits="0" branch="false"/>
						<line number="70" hits="15" branch="true" condition-coverage="50% (1/2)">
							<conditions>
								<condition number="0" type="jump" coverage="50%"/>
							</conditions>
						</line>
						<line number="71" hits="15" branch="false"/>
						<line number="75" hits="34" branch="false"/>
						<line number="79" hits="16" branch="false"/>
						<line number="80" hits="16" branch="false"/>
						<line number="83" hits="32" branch="false"/>
						<line number="87" hits="16" branch="false"/>
						<line number="88" hits="16" branch="false"/>
						<line number="93" hits="4" branch="false"/>
					</lines>
				</class>
				<class name="christmastree.Bill" filename="christmastree/Bill.java" line-rate="0.11475409836065574" branch-rate="0.0" complexity="0.0">
					<methods>
						<method name="&lt;init&gt;" signature="(Lchristmastree/ChrismasTree;Lchristmastree/Order;Ljava/lang/String;)V" line-rate="1.0" branch-rate="1.0" complexity="0">
							<lines>
								<line number="37" hits="1" branch="false"/>
								<line number="39" hits="1" branch="false"/>
								<line number="40" hits="1" branch="false"/>
								<line number="41" hits="1" branch="false"/>
								<line number="42" hits="1" branch="false"/>
								<line number="43" hits="1" branch="false"/>
								<line number="44" hits="1" branch="false"/>
							</lines>
						</method>
						<method name="addClient" signature="()V" line-rate="0.0" branch-rate="1.0" complexity="0">
							<lines>
								<line number="76" hits="0" branch="false"/>
								<line number="77" hits="0" branch="false"/>
								<line number="78" hits="0" branch="false"/>
								<line number="79" hits="0" branch="false"/>
								<line number="80" hits="0" branch="false"/>
							</lines>
						</method>
						<method name="addDecorator" signature="([Ljava/lang/String;[Ljava/lang/String;)V" line-rate="0.0" branch-rate="0.0" complexity="0">
							<lines>
								<line number="97" hits="0" branch="false"/>
								<line number="98" hits="0" branch="true" condition-coverage="0% (0/2)">
									<conditions>
										<condition number="0" type="jump" coverage="0%"/>
									</conditions>
								</line>
								<line number="99" hits="0" branch="false"/>
								<line number="100" hits="0" branch="false"/>
								<line number="102" hits="0" branch="false"/>
							</lines>
						</method>
						<method name="addPrice" signature="()V" line-rate="0.0" branch-rate="1.0" complexity="0">
							<lines>
								<line number="107" hits="0" branch="false"/>
								<line number="108" hits="0" branch="false"/>
							</lines>
						</method>
						<method name="addString" signature="(Ljava/lang/String;)V" line-rate="0.0" branch-rate="1.0" complexity="0">
							<lines>
								<line number="62" hits="0" branch="false"/>
								<line number="63" hits="0" branch="false"/>
							</lines>
						</method>
						<method name="addStringLine" signature="(Ljava/lang/String;)V" line-rate="0.0" branch-rate="1.0" complexity="0">
							<lines>
								<line number="70" hits="0" branch="false"/>
								<line number="71" hits="0" branch="false"/>
							</lines>
						</method>
						<method name="addTitle" signature="()V" line-rate="0.0" branch-rate="1.0" complexity="0">
							<lines>
								<line number="113" hits="0" branch="false"/>
								<line number="114" hits="0" branch="false"/>
								<line number="115" hits="0" branch="false"/>
								<line number="116" hits="0" branch="false"/>
							</lines>
						</method>
						<method name="addTree" signature="(Ljava/lang/String;Ljava/lang/String;)V" line-rate="0.0" branch-rate="1.0" complexity="0">
							<lines>
								<line number="88" hits="0" branch="false"/>
								<line number="89" hits="0" branch="false"/>
							</lines>
						</method>
						<method name="close" signature="()V" line-rate="0.0" branch-rate="1.0" complexity="0">
							<lines>
								<line number="52" hits="0" branch="false"/>
								<line number="53" hits="0" branch="false"/>
								<line number="54" hits="0" branch="false"/>
								<line number="55" hits="0" branch="false"/>
							</lines>
						</method>
						<method name="parserColor" signature="()[Ljava/lang/String;" line-rate="0.0" branch-rate="1.0" complexity="0">
							<lines>
								<line number="140" hits="0" branch="false"/>
								<line number="141" hits="0" branch="false"/>
								<line number="142" hits="0" branch="false"/>
								<line number="143" hits="0" branch="false"/>
								<line number="144" hits="0" branch="false"/>
								<line number="145" hits="0" branch="false"/>
								<line number="146" hits="0" branch="false"/>
								<line number="147" hits="0" branch="false"/>
								<line number="148" hits="0" branch="false"/>
							</lines>
						</method>
						<method name="parserDescription" signature="()[Ljava/lang/String;" line-rate="0.0" branch-rate="1.0" complexity="0">
							<lines>
								<line number="123" hits="0" branch="false"/>
								<line number="124" hits="0" branch="false"/>
								<line number="125" hits="0" branch="false"/>
								<line number="126" hits="0" branch="false"/>
								<line number="127" hits="0" branch="false"/>
								<line number="128" hits="0" branch="false"/>
								<line number="129" hits="0" branch="false"/>
								<line number="130" hits="0" branch="false"/>
								<line number="131" hits="0" branch="false"/>
							</lines>
						</method>
						<method name="print" signature="()V" line-rate="0.0" branch-rate="1.0" complexity="0">
							<lines>
								<line number="167" hits="0" branch="false"/>
								<line number="168" hits="0" branch="false"/>
								<line number="169" hits="0" branch="false"/>
								<line number="170" hits="0" branch="false"/>
								<line number="171" hits="0" branch="false"/>
								<line number="172" hits="0" branch="false"/>
								<line number="173" hits="0" branch="false"/>
								<line number="174" hits="0" branch="false"/>
								<line number="175" hits="0" branch="false"/>
							</lines>
						</method>
						<method name="stringReplacer" signature="(Ljava/lang/String;Ljava/lang/String;)Ljava/lang/String;" line-rate="0.0" branch-rate="1.0" complexity="0">
							<lines>
								<line number="158" hits="0" branch="false"/>
							</lines>
						</method>
					</methods>
					<lines>
						<line number="37" hits="1" branch="false"/>
						<line number="39" hits="1" branch="false"/>
						<line number="40" hits="1" branch="false"/>
						<line number="41" hits="1" branch="false"/>
						<line number="42" hits="1" branch="false"/>
						<line number="43" hits="1" branch="false"/>
						<line number="44" hits="1" branch="false"/>
						<line number="52" hits="0" branch="false"/>
						<line number="53" hits="0" branch="false"/>
						<line number="54" hits="0" branch="false"/>
						<line number="55" hits="0" branch="false"/>
						<line number="62" hits="0" branch="false"/>
						<line number="63" hits="0" branch="false"/>
						<line number="70" hits="0" branch="false"/>
						<line number="71" hits="0" branch="false"/>
						<line number="76" hits="0" branch="false"/>
						<line number="77" hits="0" branch="false"/>
						<line number="78" hits="0" branch="false"/>
						<line number="79" hits="0" branch="false"/>
						<line number="80" hits="0" branch="false"/>
						<line number="88" hits="0" branch="false"/>
						<line number="89" hits="0" branch="false"/>
						<line number="97" hits="0" branch="false"/>
						<line number="98" hits="0" branch="true" condition-coverage="0% (0/2)">
							<conditions>
								<condition number="0" type="jump" coverage="0%"/>
							</conditions>
						</line>
						<line number="99" hits="0" branch="false"/>
						<line number="100" hits="0" branch="false"/>
						<line number="102" hits="0" branch="false"/>
						<line number="107" hits="0" branch="false"/>
						<line number="108" hits="0" branch="false"/>
						<line number="113" hits="0" branch="false"/>
						<line number="114" hits="0" branch="false"/>
						<line number="115" hits="0" branch="false"/>
						<line number="116" hits="0" branch="false"/>
						<line number="123" hits="0" branch="false"/>
						<line number="124" hits="0" branch="false"/>
						<line number="125" hits="0" branch="false"/>
						<line number="126" hits="0" branch="false"/>
						<line number="127" hits="0" branch="false"/>
						<line number="128" hits="0" branch="false"/>
						<line number="129" hits="0" branch="false"/>
						<line number="130" hits="0" branch="false"/>
						<line number="131" hits="0" branch="false"/>
						<line number="140" hits="0" branch="false"/>
						<line number="141" hits="0" branch="false"/>
						<line number="142" hits="0" branch="false"/>
						<line number="143" hits="0" branch="false"/>
						<line number="144" hits="0" branch="false"/>
						<line number="145" hits="0" branch="false"/>
						<line number="146" hits="0" branch="false"/>
						<line number="147" hits="0" branch="false"/>
						<line number="148" hits="0" branch="false"/>
						<line number="158" hits="0" branch="false"/>
						<line number="167" hits="0" branch="false"/>
						<line number="168" hits="0" branch="false"/>
						<line number="169" hits="0" branch="false"/>
						<line number="170" hits="0" branch="false"/>
						<line number="171" hits="0" branch="false"/>
						<line number="172" hits="0" branch="false"/>
						<line number="173" hits="0" branch="false"/>
						<line number="174" hits="0" branch="false"/>
						<line number="175" hits="0" branch="false"/>
					</lines>
				</class>
				<class name="christmastree.Candle" filename="christmastree/Candle.java" line-rate="0.896551724137931" branch-rate="0.5" complexity="0.0">
					<methods>
						<method name="&lt;init&gt;" signature="(Lchristmastree/ChrismasTree;)V" line-rate="0.9090909090909091" branch-rate="0.5" complexity="0">
							<lines>
								<line number="26" hits="14" branch="false"/>
								<line number="27" hits="28" branch="false"/>
								<line number="28" hits="14" branch="true" condition-coverage="50% (1/2)">
									<conditions>
										<condition number="0" type="jump" coverage="50%"/>
									</conditions>
								</line>
								<line number="30" hits="14" branch="false"/>
								<line number="31" hits="14" branch="false"/>
								<line number="32" hits="14" branch="false"/>
								<line number="33" hits="14" branch="false"/>
								<line number="34" hits="28" branch="false"/>
								<line number="35" hits="14" branch="true" condition-coverage="50% (1/2)">
									<conditions>
										<condition number="0" type="jump" coverage="50%"/>
									</conditions>
								</line>
								<line number="37" hits="0" branch="false"/>
								<line number="38" hits="14" branch="false"/>
							</lines>
						</method>
						<method name="&lt;init&gt;" signature="(Ljava/lang/String;Ljava/lang/String;DILjava/lang/String;Lchristmastree/ChrismasTree;)V" line-rate="0.9090909090909091" branch-rate="0.5" complexity="0">
							<lines>
								<line number="58" hits="13" branch="false"/>
								<line number="59" hits="26" branch="false"/>
								<line number="60" hits="13" branch="true" condition-coverage="50% (1/2)">
									<conditions>
										<condition number="0" type="jump" coverage="50%"/>
									</conditions>
								</line>
								<line number="62" hits="13" branch="false"/>
								<line number="63" hits="13" branch="false"/>
								<line number="64" hits="13" branch="false"/>
								<line number="65" hits="13" branch="false"/>
								<line number="66" hits="13" branch="false"/>
								<line number="67" hits="13" branch="true" condition-coverage="50% (1/2)">
									<conditions>
										<condition number="0" type="jump" coverage="50%"/>
									</conditions>
								</line>
								<line number="69" hits="0" branch="false"/>
								<line number="70" hits="13" branch="false"/>
							</lines>
						</method>
						<method name="getLifeTime" signature="()I" line-rate="0.0" branch-rate="1.0" complexity="0">
							<lines>
								<line number="75" hits="0" branch="false"/>
							</lines>
						</method>
						<method name="getParfum" signature="()Ljava/lang/String;" line-rate="1.0" branch-rate="1.0" complexity="0">
							<lines>
								<line number="83" hits="29" branch="false"/>
							</lines>
						</method>
						<method name="setLifeTime" signature="(I)V" line-rate="1.0" branch-rate="1.0" complexity="0">
							<lines>
								<line number="79" hits="14" branch="false"/>
								<line number="80" hits="14" branch="false"/>
							</lines>
						</method>
						<method name="setParfum" signature="(Ljava/lang/String;)V" line-rate="1.0" branch-rate="1.0" complexity="0">
							<lines>
								<line number="87" hits="14" branch="false"/>
								<line number="88" hits="14" branch="false"/>
							</lines>
						</method>
						<method name="toString" signature="()Ljava/lang/String;" line-rate="1.0" branch-rate="1.0" complexity="0">
							<lines>
								<line number="92" hits="4" branch="false"/>
							</lines>
						</method>
					</methods>
					<lines>
						<line number="26" hits="14" branch="false"/>
						<line number="27" hits="28" branch="false"/>
						<line number="28" hits="14" branch="true" condition-coverage="50% (1/2)">
							<conditions>
								<condition number="0" type="jump" coverage="50%"/>
							</conditions>
						</line>
						<line number="30" hits="14" branch="false"/>
						<line number="31" hits="14" branch="false"/>
						<line number="32" hits="14" branch="false"/>
						<line number="33" hits="14" branch="false"/>
						<line number="34" hits="28" branch="false"/>
						<line number="35" hits="14" branch="true" condition-coverage="50% (1/2)">
							<conditions>
								<condition number="0" type="jump" coverage="50%"/>
							</conditions>
						</line>
						<line number="37" hits="0" branch="false"/>
						<line number="38" hits="14" branch="false"/>
						<line number="58" hits="13" branch="false"/>
						<line number="59" hits="26" branch="false"/>
						<line number="60" hits="13" branch="true" condition-coverage="50% (1/2)">
							<conditions>
								<condition number="0" type="jump" coverage="50%"/>
							</conditions>
						</line>
						<line number="62" hits="13" branch="false"/>
						<line number="63" hits="13" branch="false"/>
						<line number="64" hits="13" branch="false"/>
						<line number="65" hits="13" branch="false"/>
						<line number="66" hits="13" branch="false"/>
						<line number="67" hits="13" branch="true" condition-coverage="50% (1/2)">
							<conditions>
								<condition number="0" type="jump" coverage="50%"/>
							</conditions>
						</line>
						<line number="69" hits="0" branch="false"/>
						<line number="70" hits="13" branch="false"/>
						<line number="75" hits="0" branch="false"/>
						<line number="79" hits="14" branch="false"/>
						<line number="80" hits="14" branch="false"/>
						<line number="83" hits="29" branch="false"/>
						<line number="87" hits="14" branch="false"/>
						<line number="88" hits="14" branch="false"/>
						<line number="92" hits="4" branch="false"/>
					</lines>
				</class>
				<class name="christmastree.ChrismasTree" filename="christmastree/ChrismasTree.java" line-rate="1.0" branch-rate="1.0" complexity="0.0">
					<methods>
						<method name="&lt;init&gt;" signature="()V" line-rate="1.0" branch-rate="1.0" complexity="0">
							<lines>
								<line number="13" hits="174" branch="false"/>
							</lines>
						</method>
						<method name="getColor" signature="()Ljava/lang/String;" line-rate="1.0" branch-rate="1.0" complexity="0">
							<lines>
								<line number="36" hits="294" branch="false"/>
							</lines>
						</method>
						<method name="getDescription" signature="()Ljava/lang/String;" line-rate="1.0" branch-rate="1.0" complexity="0">
							<lines>
								<line number="20" hits="164" branch="false"/>
							</lines>
						</method>
						<method name="getPrice" signature="()D" line-rate="1.0" branch-rate="1.0" complexity="0">
							<lines>
								<line number="28" hits="152" branch="false"/>
							</lines>
						</method>
						<method name="setColor" signature="(Ljava/lang/String;)V" line-rate="1.0" branch-rate="1.0" complexity="0">
							<lines>
								<line number="40" hits="203" branch="false"/>
								<line number="41" hits="203" branch="false"/>
							</lines>
						</method>
						<method name="setDescription" signature="(Ljava/lang/String;)V" line-rate="1.0" branch-rate="1.0" complexity="0">
							<lines>
								<line number="24" hits="203" branch="false"/>
								<line number="25" hits="203" branch="false"/>
							</lines>
						</method>
						<method name="setPrice" signature="(D)V" line-rate="1.0" branch-rate="1.0" complexity="0">
							<lines>
								<line number="32" hits="203" branch="false"/>
								<line number="33" hits="203" branch="false"/>
							</lines>
						</method>
						<method name="toString" signature="()Ljava/lang/String;" line-rate="1.0" branch-rate="1.0" complexity="0">
							<lines>
								<line number="45" hits="12" branch="false"/>
							</lines>
						</method>
					</methods>
					<lines>
						<line number="13" hits="174" branch="false"/>
						<line number="20" hits="164" branch="false"/>
						<line number="24" hits="203" branch="false"/>
						<line number="25" hits="203" branch="false"/>
						<line number="28" hits="152" branch="false"/>
						<line number="32" hits="203" branch="false"/>
						<line number="33" hits="203" branch="false"/>
						<line number="36" hits="294" branch="false"/>
						<line number="40" hits="203" branch="false"/>
						<line number="41" hits="203" branch="false"/>
						<line number="45" hits="12" branch="false"/>
					</lines>
				</class>
				<class name="christmastree.ClientMain" filename="christmastree/ClientMain.java" line-rate="0.6041666666666666" branch-rate="0.45454545454545453" complexity="0.0">
					<methods>
						<method name="&lt;init&gt;" signature="()V" line-rate="1.0" branch-rate="1.0" complexity="0">
							<lines>
								<line number="19" hits="1" branch="false"/>
								<line number="23" hits="1" branch="false"/>
							</lines>
						</method>
						<method name="main" signature="([Ljava/lang/String;)V" line-rate="0.0" branch-rate="0.0" complexity="0">
							<lines>
								<line number="291" hits="0" branch="false"/>
								<line number="292" hits="0" branch="false"/>
								<line number="293" hits="0" branch="false"/>
								<line number="294" hits="0" branch="false"/>
								<line number="295" hits="0" branch="false"/>
								<line number="300" hits="0" branch="false"/>
								<line number="301" hits="0" branch="false"/>
								<line number="302" hits="0" branch="false"/>
								<line number="303" hits="0" branch="false"/>
								<line number="306" hits="0" branch="false"/>
								<line number="309" hits="0" branch="false"/>
								<line number="310" hits="0" branch="false"/>
								<line number="311" hits="0" branch="false"/>
								<line number="312" hits="0" branch="false"/>
								<line number="315" hits="0" branch="false"/>
								<line number="317" hits="0" branch="true" condition-coverage="0% (0/10)">
									<conditions>
										<condition number="0" type="jump" coverage="0%"/>
										<condition number="1" type="jump" coverage="0%"/>
										<condition number="0" type="switch" coverage="0%"/>
										<condition number="1" type="switch" coverage="0%"/>
									</conditions>
								</line>
								<line number="319" hits="0" branch="false"/>
								<line number="320" hits="0" branch="true" condition-coverage="0% (0/10)">
									<conditions>
										<condition number="0" type="jump" coverage="0%"/>
										<condition number="1" type="jump" coverage="0%"/>
										<condition number="0" type="switch" coverage="0%"/>
										<condition number="1" type="switch" coverage="0%"/>
									</conditions>
								</line>
								<line number="322" hits="0" branch="false"/>
								<line number="323" hits="0" branch="false"/>
								<line number="325" hits="0" branch="false"/>
								<line number="328" hits="0" branch="false"/>
								<line number="329" hits="0" branch="false"/>
								<line number="331" hits="0" branch="false"/>
								<line number="336" hits="0" branch="false"/>
								<line number="340" hits="0" branch="false"/>
								<line number="341" hits="0" branch="true" condition-coverage="0% (0/10)">
									<conditions>
										<condition number="0" type="jump" coverage="0%"/>
										<condition number="1" type="jump" coverage="0%"/>
										<condition number="0" type="switch" coverage="0%"/>
										<condition number="1" type="switch" coverage="0%"/>
									</conditions>
								</line>
								<line number="343" hits="0" branch="false"/>
								<line number="344" hits="0" branch="false"/>
								<line number="346" hits="0" branch="false"/>
								<line number="349" hits="0" branch="false"/>
								<line number="350" hits="0" branch="false"/>
								<line number="352" hits="0" branch="false"/>
								<line number="357" hits="0" branch="false"/>
								<line number="362" hits="0" branch="true" condition-coverage="0% (0/4)">
									<conditions>
										<condition number="0" type="jump" coverage="0%"/>
										<condition number="1" type="jump" coverage="0%"/>
									</conditions>
								</line>
								<line number="363" hits="0" branch="false"/>
								<line number="364" hits="0" branch="false"/>
								<line number="368" hits="0" branch="false"/>
							</lines>
						</method>
						<method name="makeOrder" signature="(Lchristmastree/AskString;)Lchristmastree/Order;" line-rate="1.0" branch-rate="1.0" complexity="0">
							<lines>
								<line number="36" hits="1" branch="false"/>
								<line number="37" hits="1" branch="false"/>
								<line number="38" hits="1" branch="false"/>
								<line number="39" hits="1" branch="false"/>
								<line number="40" hits="1" branch="false"/>
							</lines>
						</method>
						<method name="treeDecorationPersonalized" signature="(Lchristmastree/ChrismasTree;Lchristmastree/AskString;Ljava/lang/String;)Lchristmastree/Decorator;" line-rate="0.8148148148148148" branch-rate="0.6578947368421053" complexity="0">
							<lines>
								<line number="162" hits="3" branch="false"/>
								<line number="163" hits="3" branch="false"/>
								<line number="170" hits="6" branch="false"/>
								<line number="171" hits="6" branch="false"/>
								<line number="172" hits="6" branch="false"/>
								<line number="173" hits="6" branch="true" condition-coverage="100% (2/2)">
									<conditions>
										<condition number="0" type="jump" coverage="100%"/>
									</conditions>
								</line>
								<line number="174" hits="2" branch="false"/>
								<line number="176" hits="6" branch="false"/>
								<line number="177" hits="6" branch="false"/>
								<line number="180" hits="6" branch="false"/>
								<line number="182" hits="6" branch="false"/>
								<line number="184" hits="6" branch="false"/>
								<line number="186" hits="6" branch="true" condition-coverage="78% (11/14)">
									<conditions>
										<condition number="0" type="jump" coverage="50%"/>
										<condition number="1" type="jump" coverage="50%"/>
										<condition number="2" type="jump" coverage="50%"/>
										<condition number="0" type="switch" coverage="100%"/>
										<condition number="1" type="switch" coverage="100%"/>
									</conditions>
								</line>
								<line number="188" hits="1" branch="false"/>
								<line number="190" hits="1" branch="false"/>
								<line number="192" hits="1" branch="true" condition-coverage="50% (1/2)">
									<conditions>
										<condition number="0" type="jump" coverage="50%"/>
									</conditions>
								</line>
								<line number="193" hits="1" branch="false"/>
								<line number="194" hits="1" branch="false"/>
								<line number="196" hits="0" branch="false"/>
								<line number="200" hits="1" branch="false"/>
								<line number="202" hits="1" branch="false"/>
								<line number="207" hits="2" branch="false"/>
								<line number="208" hits="2" branch="false"/>
								<line number="209" hits="2" branch="false"/>
								<line number="210" hits="2" branch="false"/>
								<line number="211" hits="2" branch="false"/>
								<line number="213" hits="2" branch="false"/>
								<line number="215" hits="2" branch="true" condition-coverage="50% (5/10)">
									<conditions>
										<condition number="0" type="jump" coverage="0%"/>
										<condition number="1" type="jump" coverage="50%"/>
										<condition number="0" type="switch" coverage="66%"/>
										<condition number="1" type="switch" coverage="66%"/>
									</conditions>
								</line>
								<line number="217" hits="0" branch="false"/>
								<line number="218" hits="0" branch="true" condition-coverage="0% (0/2)">
									<conditions>
										<condition number="0" type="jump" coverage="0%"/>
									</conditions>
								</line>
								<line number="219" hits="0" branch="false"/>
								<line number="222" hits="0" branch="false"/>
								<line number="224" hits="0" branch="false"/>
								<line number="230" hits="0" branch="false"/>
								<line number="231" hits="0" branch="false"/>
								<line number="234" hits="1" branch="false"/>
								<line number="236" hits="1" branch="true" condition-coverage="50% (1/2)">
									<conditions>
										<condition number="0" type="jump" coverage="50%"/>
									</conditions>
								</line>
								<line number="237" hits="1" branch="false"/>
								<line number="240" hits="1" branch="false"/>
								<line number="242" hits="0" branch="false"/>
								<line number="248" hits="1" branch="false"/>
								<line number="249" hits="1" branch="false"/>
								<line number="254" hits="2" branch="true" condition-coverage="100% (2/2)">
									<conditions>
										<condition number="0" type="jump" coverage="100%"/>
									</conditions>
								</line>
								<line number="256" hits="1" branch="false"/>
								<line number="259" hits="1" branch="false"/>
								<line number="261" hits="1" branch="false"/>
								<line number="263" hits="1" branch="true" condition-coverage="50% (1/2)">
									<conditions>
										<condition number="0" type="jump" coverage="50%"/>
									</conditions>
								</line>
								<line number="264" hits="1" branch="false"/>
								<line number="267" hits="1" branch="false"/>
								<line number="269" hits="0" branch="false"/>
								<line number="275" hits="1" branch="false"/>
								<line number="277" hits="1" branch="false"/>
								<line number="281" hits="6" branch="true" condition-coverage="100% (2/2)">
									<conditions>
										<condition number="0" type="jump" coverage="100%"/>
									</conditions>
								</line>
								<line number="282" hits="3" branch="false"/>
							</lines>
						</method>
						<method name="treeDecorationStandard" signature="(Lchristmastree/ChrismasTree;Lchristmastree/AskString;Ljava/lang/String;)Lchristmastree/Decorator;" line-rate="0.8" branch-rate="0.6578947368421053" complexity="0">
							<lines>
								<line number="53" hits="3" branch="false"/>
								<line number="54" hits="3" branch="false"/>
								<line number="59" hits="6" branch="false"/>
								<line number="60" hits="6" branch="false"/>
								<line number="61" hits="6" branch="false"/>
								<line number="62" hits="6" branch="true" condition-coverage="100% (2/2)">
									<conditions>
										<condition number="0" type="jump" coverage="100%"/>
									</conditions>
								</line>
								<line number="63" hits="2" branch="false"/>
								<line number="65" hits="6" branch="false"/>
								<line number="66" hits="6" branch="false"/>
								<line number="68" hits="6" branch="true" condition-coverage="78% (11/14)">
									<conditions>
										<condition number="0" type="jump" coverage="50%"/>
										<condition number="1" type="jump" coverage="50%"/>
										<condition number="2" type="jump" coverage="50%"/>
										<condition number="0" type="switch" coverage="100%"/>
										<condition number="1" type="switch" coverage="100%"/>
									</conditions>
								</line>
								<line number="71" hits="1" branch="true" condition-coverage="50% (1/2)">
									<conditions>
										<condition number="0" type="jump" coverage="50%"/>
									</conditions>
								</line>
								<line number="72" hits="1" branch="false"/>
								<line number="73" hits="1" branch="false"/>
								<line number="75" hits="0" branch="false"/>
								<line number="79" hits="1" branch="false"/>
								<line number="81" hits="1" branch="false"/>
								<line number="85" hits="1" branch="false"/>
								<line number="86" hits="1" branch="false"/>
								<line number="87" hits="1" branch="false"/>
								<line number="88" hits="1" branch="false"/>
								<line number="91" hits="2" branch="false"/>
								<line number="92" hits="2" branch="false"/>
								<line number="94" hits="2" branch="true" condition-coverage="50% (5/10)">
									<conditions>
										<condition number="0" type="jump" coverage="0%"/>
										<condition number="1" type="jump" coverage="50%"/>
										<condition number="0" type="switch" coverage="66%"/>
										<condition number="1" type="switch" coverage="66%"/>
									</conditions>
								</line>
								<line number="97" hits="0" branch="true" condition-coverage="0% (0/2)">
									<conditions>
										<condition number="0" type="jump" coverage="0%"/>
									</conditions>
								</line>
								<line number="98" hits="0" branch="false"/>
								<line number="99" hits="0" branch="false"/>
								<line number="101" hits="0" branch="false"/>
								<line number="105" hits="0" branch="false"/>
								<line number="107" hits="0" branch="false"/>
								<line number="112" hits="1" branch="true" condition-coverage="50% (1/2)">
									<conditions>
										<condition number="0" type="jump" coverage="50%"/>
									</conditions>
								</line>
								<line number="113" hits="1" branch="false"/>
								<line number="114" hits="1" branch="false"/>
								<line number="116" hits="0" branch="false"/>
								<line number="120" hits="1" branch="false"/>
								<line number="122" hits="1" branch="false"/>
								<line number="126" hits="2" branch="true" condition-coverage="100% (2/2)">
									<conditions>
										<condition number="0" type="jump" coverage="100%"/>
									</conditions>
								</line>
								<line number="128" hits="1" branch="false"/>
								<line number="133" hits="1" branch="true" condition-coverage="50% (1/2)">
									<conditions>
										<condition number="0" type="jump" coverage="50%"/>
									</conditions>
								</line>
								<line number="134" hits="1" branch="false"/>
								<line number="135" hits="1" branch="false"/>
								<line number="137" hits="0" branch="false"/>
								<line number="141" hits="1" branch="false"/>
								<line number="143" hits="1" branch="false"/>
								<line number="148" hits="6" branch="true" condition-coverage="100% (2/2)">
									<conditions>
										<condition number="0" type="jump" coverage="100%"/>
									</conditions>
								</line>
								<line number="149" hits="3" branch="false"/>
							</lines>
						</method>
					</methods>
					<lines>
						<line number="19" hits="1" branch="false"/>
						<line number="23" hits="1" branch="false"/>
						<line number="36" hits="1" branch="false"/>
						<line number="37" hits="1" branch="false"/>
						<line number="38" hits="1" branch="false"/>
						<line number="39" hits="1" branch="false"/>
						<line number="40" hits="1" branch="false"/>
						<line number="53" hits="3" branch="false"/>
						<line number="54" hits="3" branch="false"/>
						<line number="59" hits="6" branch="false"/>
						<line number="60" hits="6" branch="false"/>
						<line number="61" hits="6" branch="false"/>
						<line number="62" hits="6" branch="true" condition-coverage="100% (2/2)">
							<conditions>
								<condition number="0" type="jump" coverage="100%"/>
							</conditions>
						</line>
						<line number="63" hits="2" branch="false"/>
						<line number="65" hits="6" branch="false"/>
						<line number="66" hits="6" branch="false"/>
						<line number="68" hits="6" branch="true" condition-coverage="78% (11/14)">
							<conditions>
								<condition number="0" type="jump" coverage="50%"/>
								<condition number="1" type="jump" coverage="50%"/>
								<condition number="2" type="jump" coverage="50%"/>
								<condition number="0" type="switch" coverage="100%"/>
								<condition number="1" type="switch" coverage="100%"/>
							</conditions>
						</line>
						<line number="71" hits="1" branch="true" condition-coverage="50% (1/2)">
							<conditions>
								<condition number="0" type="jump" coverage="50%"/>
							</conditions>
						</line>
						<line number="72" hits="1" branch="false"/>
						<line number="73" hits="1" branch="false"/>
						<line number="75" hits="0" branch="false"/>
						<line number="79" hits="1" branch="false"/>
						<line number="81" hits="1" branch="false"/>
						<line number="85" hits="1" branch="false"/>
						<line number="86" hits="1" branch="false"/>
						<line number="87" hits="1" branch="false"/>
						<line number="88" hits="1" branch="false"/>
						<line number="91" hits="2" branch="false"/>
						<line number="92" hits="2" branch="false"/>
						<line number="94" hits="2" branch="true" condition-coverage="50% (5/10)">
							<conditions>
								<condition number="0" type="jump" coverage="0%"/>
								<condition number="1" type="jump" coverage="50%"/>
								<condition number="0" type="switch" coverage="66%"/>
								<condition number="1" type="switch" coverage="66%"/>
							</conditions>
						</line>
						<line number="97" hits="0" branch="true" condition-coverage="0% (0/2)">
							<conditions>
								<condition number="0" type="jump" coverage="0%"/>
							</conditions>
						</line>
						<line number="98" hits="0" branch="false"/>
						<line number="99" hits="0" branch="false"/>
						<line number="101" hits="0" branch="false"/>
						<line number="105" hits="0" branch="false"/>
						<line number="107" hits="0" branch="false"/>
						<line number="112" hits="1" branch="true" condition-coverage="50% (1/2)">
							<conditions>
								<condition number="0" type="jump" coverage="50%"/>
							</conditions>
						</line>
						<line number="113" hits="1" branch="false"/>
						<line number="114" hits="1" branch="false"/>
						<line number="116" hits="0" branch="false"/>
						<line number="120" hits="1" branch="false"/>
						<line number="122" hits="1" branch="false"/>
						<line number="126" hits="2" branch="true" condition-coverage="100% (2/2)">
							<conditions>
								<condition number="0" type="jump" coverage="100%"/>
							</conditions>
						</line>
						<line number="128" hits="1" branch="false"/>
						<line number="133" hits="1" branch="true" condition-coverage="50% (1/2)">
							<conditions>
								<condition number="0" type="jump" coverage="50%"/>
							</conditions>
						</line>
						<line number="134" hits="1" branch="false"/>
						<line number="135" hits="1" branch="false"/>
						<line number="137" hits="0" branch="false"/>
						<line number="141" hits="1" branch="false"/>
						<line number="143" hits="1" branch="false"/>
						<line number="148" hits="6" branch="true" condition-coverage="100% (2/2)">
							<conditions>
								<condition number="0" type="jump" coverage="100%"/>
							</conditions>
						</line>
						<line number="149" hits="3" branch="false"/>
						<line number="162" hits="3" branch="false"/>
						<line number="163" hits="3" branch="false"/>
						<line number="170" hits="6" branch="false"/>
						<line number="171" hits="6" branch="false"/>
						<line number="172" hits="6" branch="false"/>
						<line number="173" hits="6" branch="true" condition-coverage="100% (2/2)">
							<conditions>
								<condition number="0" type="jump" coverage="100%"/>
							</conditions>
						</line>
						<line number="174" hits="2" branch="false"/>
						<line number="176" hits="6" branch="false"/>
						<line number="177" hits="6" branch="false"/>
						<line number="180" hits="6" branch="false"/>
						<line number="182" hits="6" branch="false"/>
						<line number="184" hits="6" branch="false"/>
						<line number="186" hits="6" branch="true" condition-coverage="78% (11/14)">
							<conditions>
								<condition number="0" type="jump" coverage="50%"/>
								<condition number="1" type="jump" coverage="50%"/>
								<condition number="2" type="jump" coverage="50%"/>
								<condition number="0" type="switch" coverage="100%"/>
								<condition number="1" type="switch" coverage="100%"/>
							</conditions>
						</line>
						<line number="188" hits="1" branch="false"/>
						<line number="190" hits="1" branch="false"/>
						<line number="192" hits="1" branch="true" condition-coverage="50% (1/2)">
							<conditions>
								<condition number="0" type="jump" coverage="50%"/>
							</conditions>
						</line>
						<line number="193" hits="1" branch="false"/>
						<line number="194" hits="1" branch="false"/>
						<line number="196" hits="0" branch="false"/>
						<line number="200" hits="1" branch="false"/>
						<line number="202" hits="1" branch="false"/>
						<line number="207" hits="2" branch="false"/>
						<line number="208" hits="2" branch="false"/>
						<line number="209" hits="2" branch="false"/>
						<line number="210" hits="2" branch="false"/>
						<line number="211" hits="2" branch="false"/>
						<line number="213" hits="2" branch="false"/>
						<line number="215" hits="2" branch="true" condition-coverage="50% (5/10)">
							<conditions>
								<condition number="0" type="jump" coverage="0%"/>
								<condition number="1" type="jump" coverage="50%"/>
								<condition number="0" type="switch" coverage="66%"/>
								<condition number="1" type="switch" coverage="66%"/>
							</conditions>
						</line>
						<line number="217" hits="0" branch="false"/>
						<line number="218" hits="0" branch="true" condition-coverage="0% (0/2)">
							<conditions>
								<condition number="0" type="jump" coverage="0%"/>
							</conditions>
						</line>
						<line number="219" hits="0" branch="false"/>
						<line number="222" hits="0" branch="false"/>
						<line number="224" hits="0" branch="false"/>
						<line number="230" hits="0" branch="false"/>
						<line number="231" hits="0" branch="false"/>
						<line number="234" hits="1" branch="false"/>
						<line number="236" hits="1" branch="true" condition-coverage="50% (1/2)">
							<conditions>
								<condition number="0" type="jump" coverage="50%"/>
							</conditions>
						</line>
						<line number="237" hits="1" branch="false"/>
						<line number="240" hits="1" branch="false"/>
						<line number="242" hits="0" branch="false"/>
						<line number="248" hits="1" branch="false"/>
						<line number="249" hits="1" branch="false"/>
						<line number="254" hits="2" branch="true" condition-coverage="100% (2/2)">
							<conditions>
								<condition number="0" type="jump" coverage="100%"/>
							</conditions>
						</line>
						<line number="256" hits="1" branch="false"/>
						<line number="259" hits="1" branch="false"/>
						<line number="261" hits="1" branch="false"/>
						<line number="263" hits="1" branch="true" condition-coverage="50% (1/2)">
							<conditions>
								<condition number="0" type="jump" coverage="50%"/>
							</conditions>
						</line>
						<line number="264" hits="1" branch="false"/>
						<line number="267" hits="1" branch="false"/>
						<line number="269" hits="0" branch="false"/>
						<line number="275" hits="1" branch="false"/>
						<line number="277" hits="1" branch="false"/>
						<line number="281" hits="6" branch="true" condition-coverage="100% (2/2)">
							<conditions>
								<condition number="0" type="jump" coverage="100%"/>
							</conditions>
						</line>
						<line number="282" hits="3" branch="false"/>
						<line number="291" hits="0" branch="false"/>
						<line number="292" hits="0" branch="false"/>
						<line number="293" hits="0" branch="false"/>
						<line number="294" hits="0" branch="false"/>
						<line number="295" hits="0" branch="false"/>
						<line number="300" hits="0" branch="false"/>
						<line number="301" hits="0" branch="false"/>
						<line number="302" hits="0" branch="false"/>
						<line number="303" hits="0" branch="false"/>
						<line number="306" hits="0" branch="false"/>
						<line number="309" hits="0" branch="false"/>
						<line number="310" hits="0" branch="false"/>
						<line number="311" hits="0" branch="false"/>
						<line number="312" hits="0" branch="false"/>
						<line number="315" hits="0" branch="false"/>
						<line number="317" hits="0" branch="true" condition-coverage="0% (0/10)">
							<conditions>
								<condition number="0" type="jump" coverage="0%"/>
								<condition number="1" type="jump" coverage="0%"/>
								<condition number="0" type="switch" coverage="0%"/>
								<condition number="1" type="switch" coverage="0%"/>
							</conditions>
						</line>
						<line number="319" hits="0" branch="false"/>
						<line number="320" hits="0" branch="true" condition-coverage="0% (0/10)">
							<conditions>
								<condition number="0" type="jump" coverage="0%"/>
								<condition number="1" type="jump" coverage="0%"/>
								<condition number="0" type="switch" coverage="0%"/>
								<condition number="1" type="switch" coverage="0%"/>
							</conditions>
						</line>
						<line number="322" hits="0" branch="false"/>
						<line number="323" hits="0" branch="false"/>
						<line number="325" hits="0" branch="false"/>
						<line number="328" hits="0" branch="false"/>
						<line number="329" hits="0" branch="false"/>
						<line number="331" hits="0" branch="false"/>
						<line number="336" hits="0" branch="false"/>
						<line number="340" hits="0" branch="false"/>
						<line number="341" hits="0" branch="true" condition-coverage="0% (0/10)">
							<conditions>
								<condition number="0" type="jump" coverage="0%"/>
								<condition number="1" type="jump" coverage="0%"/>
								<condition number="0" type="switch" coverage="0%"/>
								<condition number="1" type="switch" coverage="0%"/>
							</conditions>
						</line>
						<line number="343" hits="0" branch="false"/>
						<line number="344" hits="0" branch="false"/>
						<line number="346" hits="0" branch="false"/>
						<line number="349" hits="0" branch="false"/>
						<line number="350" hits="0" branch="false"/>
						<line number="352" hits="0" branch="false"/>
						<line number="357" hits="0" branch="false"/>
						<line number="362" hits="0" branch="true" condition-coverage="0% (0/4)">
							<conditions>
								<condition number="0" type="jump" coverage="0%"/>
								<condition number="1" type="jump" coverage="0%"/>
							</conditions>
						</line>
						<line number="363" hits="0" branch="false"/>
						<line number="364" hits="0" branch="false"/>
						<line number="368" hits="0" branch="false"/>
					</lines>
				</class>
				<class name="christmastree.Decorator" filename="christmastree/Decorator.java" line-rate="0.5" branch-rate="1.0" complexity="0.0">
					<methods>
						<method name="&lt;init&gt;" signature="(Lchristmastree/ChrismasTree;)V" line-rate="1.0" branch-rate="1.0" complexity="0">
							<lines>
								<line number="23" hits="111" branch="false"/>
								<line number="24" hits="111" branch="false"/>
								<line number="25" hits="111" branch="false"/>
							</lines>
						</method>
						<method name="getTreeDecorator" signature="()Lchristmastree/ChrismasTree;" line-rate="0.0" branch-rate="1.0" complexity="0">
							<lines>
								<line number="29" hits="0" branch="false"/>
							</lines>
						</method>
						<method name="setTreeDecorator" signature="(Lchristmastree/ChrismasTree;)V" line-rate="0.0" branch-rate="1.0" complexity="0">
							<lines>
								<line number="33" hits="0" branch="false"/>
								<line number="34" hits="0" branch="false"/>
							</lines>
						</method>
					</methods>
					<lines>
						<line number="23" hits="111" branch="false"/>
						<line number="24" hits="111" branch="false"/>
						<line number="25" hits="111" branch="false"/>
						<line number="29" hits="0" branch="false"/>
						<line number="33" hits="0" branch="false"/>
						<line number="34" hits="0" branch="false"/>
					</lines>
				</class>
				<class name="christmastree.ElectricGarland" filename="christmastree/ElectricGarland.java" line-rate="0.9565217391304348" branch-rate="0.5" complexity="0.0">
					<methods>
						<method name="&lt;init&gt;" signature="(Lchristmastree/ChrismasTree;)V" line-rate="1.0" branch-rate="0.5" complexity="0">
							<lines>
								<line number="23" hits="13" branch="false"/>
								<line number="24" hits="26" branch="false"/>
								<line number="25" hits="13" branch="true" condition-coverage="50% (1/2)">
									<conditions>
										<condition number="0" type="jump" coverage="50%"/>
									</conditions>
								</line>
								<line number="27" hits="13" branch="false"/>
								<line number="28" hits="26" branch="false"/>
								<line number="29" hits="13" branch="false"/>
								<line number="30" hits="13" branch="false"/>
								<line number="31" hits="13" branch="false"/>
								<line number="32" hits="13" branch="false"/>
								<line number="33" hits="13" branch="false"/>
							</lines>
						</method>
						<method name="&lt;init&gt;" signature="(Ljava/lang/String;Ljava/lang/String;DZDLchristmastree/ChrismasTree;)V" line-rate="1.0" branch-rate="0.5" complexity="0">
							<lines>
								<line number="51" hits="13" branch="false"/>
								<line number="52" hits="26" branch="false"/>
								<line number="53" hits="13" branch="true" condition-coverage="50% (1/2)">
									<conditions>
										<condition number="0" type="jump" coverage="50%"/>
									</conditions>
								</line>
								<line number="55" hits="13" branch="false"/>
								<line number="56" hits="13" branch="false"/>
								<line number="57" hits="13" branch="false"/>
								<line number="58" hits="13" branch="false"/>
								<line number="59" hits="13" branch="false"/>
								<line number="60" hits="13" branch="false"/>
							</lines>
						</method>
						<method name="isHasBlink" signature="()Z" line-rate="1.0" branch-rate="1.0" complexity="0">
							<lines>
								<line number="65" hits="1" branch="false"/>
							</lines>
						</method>
						<method name="setHasBlink" signature="(Z)V" line-rate="1.0" branch-rate="1.0" complexity="0">
							<lines>
								<line number="69" hits="13" branch="false"/>
								<line number="70" hits="13" branch="false"/>
							</lines>
						</method>
						<method name="toString" signature="()Ljava/lang/String;" line-rate="0.0" branch-rate="1.0" complexity="0">
							<lines>
								<line number="74" hits="0" branch="false"/>
							</lines>
						</method>
					</methods>
					<lines>
						<line number="23" hits="13" branch="false"/>
						<line number="24" hits="26" branch="false"/>
						<line number="25" hits="13" branch="true" condition-coverage="50% (1/2)">
							<conditions>
								<condition number="0" type="jump" coverage="50%"/>
							</conditions>
						</line>
						<line number="27" hits="13" branch="false"/>
						<line number="28" hits="26" branch="false"/>
						<line number="29" hits="13" branch="false"/>
						<line number="30" hits="13" branch="false"/>
						<line number="31" hits="13" branch="false"/>
						<line number="32" hits="13" branch="false"/>
						<line number="33" hits="13" branch="false"/>
						<line number="51" hits="13" branch="false"/>
						<line number="52" hits="26" branch="false"/>
						<line number="53" hits="13" branch="true" condition-coverage="50% (1/2)">
							<conditions>
								<condition number="0" type="jump" coverage="50%"/>
							</conditions>
						</line>
						<line number="55" hits="13" branch="false"/>
						<line number="56" hits="13" branch="false"/>
						<line number="57" hits="13" branch="false"/>
						<line number="58" hits="13" branch="false"/>
						<line number="59" hits="13" branch="false"/>
						<line number="60" hits="13" branch="false"/>
						<line number="65" hits="1" branch="false"/>
						<line number="69" hits="13" branch="false"/>
						<line number="70" hits="13" branch="false"/>
						<line number="74" hits="0" branch="false"/>
					</lines>
				</class>
				<class name="christmastree.Garland" filename="christmastree/Garland.java" line-rate="1.0" branch-rate="0.5" complexity="0.0">
					<methods>
						<method name="&lt;init&gt;" signature="(Lchristmastree/ChrismasTree;)V" line-rate="1.0" branch-rate="0.5" complexity="0">
							<lines>
								<line number="23" hits="41" branch="false"/>
								<line number="24" hits="82" branch="false"/>
								<line number="25" hits="41" branch="true" condition-coverage="50% (1/2)">
									<conditions>
										<condition number="0" type="jump" coverage="50%"/>
									</conditions>
								</line>
								<line number="27" hits="41" branch="false"/>
								<line number="28" hits="41" branch="false"/>
								<line number="29" hits="41" branch="false"/>
								<line number="30" hits="41" branch="false"/>
								<line number="31" hits="41" branch="false"/>
							</lines>
						</method>
						<method name="&lt;init&gt;" signature="(Ljava/lang/String;Ljava/lang/String;DDLchristmastree/ChrismasTree;)V" line-rate="1.0" branch-rate="0.5" complexity="0">
							<lines>
								<line number="43" hits="12" branch="false"/>
								<line number="44" hits="24" branch="false"/>
								<line number="45" hits="12" branch="true" condition-coverage="50% (1/2)">
									<conditions>
										<condition number="0" type="jump" coverage="50%"/>
									</conditions>
								</line>
								<line number="47" hits="12" branch="false"/>
								<line number="48" hits="12" branch="false"/>
								<line number="49" hits="12" branch="false"/>
								<line number="50" hits="12" branch="false"/>
								<line number="51" hits="12" branch="false"/>
							</lines>
						</method>
						<method name="getLength" signature="()D" line-rate="1.0" branch-rate="1.0" complexity="0">
							<lines>
								<line number="55" hits="4" branch="false"/>
							</lines>
						</method>
						<method name="setLength" signature="(D)V" line-rate="1.0" branch-rate="1.0" complexity="0">
							<lines>
								<line number="59" hits="70" branch="false"/>
								<line number="60" hits="70" branch="false"/>
							</lines>
						</method>
						<method name="toString" signature="()Ljava/lang/String;" line-rate="1.0" branch-rate="1.0" complexity="0">
							<lines>
								<line number="64" hits="4" branch="false"/>
							</lines>
						</method>
					</methods>
					<lines>
						<line number="23" hits="41" branch="false"/>
						<line number="24" hits="82" branch="false"/>
						<line number="25" hits="41" branch="true" condition-coverage="50% (1/2)">
							<conditions>
								<condition number="0" type="jump" coverage="50%"/>
							</conditions>
						</line>
						<line number="27" hits="41" branch="false"/>
						<line number="28" hits="41" branch="false"/>
						<line number="29" hits="41" branch="false"/>
						<line number="30" hits="41" branch="false"/>
						<line number="31" hits="41" branch="false"/>
						<line number="43" hits="12" branch="false"/>
						<line number="44" hits="24" branch="false"/>
						<line number="45" hits="12" branch="true" condition-coverage="50% (1/2)">
							<conditions>
								<condition number="0" type="jump" coverage="50%"/>
							</conditions>
						</line>
						<line number="47" hits="12" branch="false"/>
						<line number="48" hits="12" branch="false"/>
						<line number="49" hits="12" branch="false"/>
						<line number="50" hits="12" branch="false"/>
						<line number="51" hits="12" branch="false"/>
						<line number="55" hits="4" branch="false"/>
						<line number="59" hits="70" branch="false"/>
						<line number="60" hits="70" branch="false"/>
						<line number="64" hits="4" branch="false"/>
					</lines>
				</class>
				<class name="christmastree.NaturalTree" filename="christmastree/NaturalTree.java" line-rate="0.8636363636363636" branch-rate="1.0" complexity="0.0">
					<methods>
						<method name="&lt;init&gt;" signature="()V" line-rate="1.0" branch-rate="1.0" complexity="0">
							<lines>
								<line number="22" hits="2" branch="false"/>
								<line number="23" hits="2" branch="false"/>
								<line number="24" hits="2" branch="false"/>
								<line number="25" hits="2" branch="false"/>
								<line number="26" hits="2" branch="false"/>
								<line number="27" hits="2" branch="false"/>
								<line number="28" hits="2" branch="false"/>
							</lines>
						</method>
						<method name="&lt;init&gt;" signature="(Ljava/lang/String;DLjava/lang/String;Ljava/lang/String;I)V" line-rate="1.0" branch-rate="1.0" complexity="0">
							<lines>
								<line number="39" hits="1" branch="false"/>
								<line number="40" hits="1" branch="false"/>
								<line number="41" hits="1" branch="false"/>
								<line number="42" hits="1" branch="false"/>
								<line number="43" hits="1" branch="false"/>
								<line number="44" hits="1" branch="false"/>
								<line number="45" hits="1" branch="false"/>
							</lines>
						</method>
						<method name="getLifeTime" signature="()I" line-rate="0.0" branch-rate="1.0" complexity="0">
							<lines>
								<line number="57" hits="0" branch="false"/>
							</lines>
						</method>
						<method name="getTreeType" signature="()Ljava/lang/String;" line-rate="1.0" branch-rate="1.0" complexity="0">
							<lines>
								<line number="49" hits="2" branch="false"/>
							</lines>
						</method>
						<method name="setLifeTime" signature="(I)V" line-rate="1.0" branch-rate="1.0" complexity="0">
							<lines>
								<line number="61" hits="2" branch="false"/>
								<line number="62" hits="2" branch="false"/>
							</lines>
						</method>
						<method name="setTreeType" signature="(Ljava/lang/String;)V" line-rate="1.0" branch-rate="1.0" complexity="0">
							<lines>
								<line number="53" hits="2" branch="false"/>
								<line number="54" hits="2" branch="false"/>
							</lines>
						</method>
						<method name="toString" signature="()Ljava/lang/String;" line-rate="0.0" branch-rate="1.0" complexity="0">
							<lines>
								<line number="66" hits="0" branch="false"/>
								<line number="67" hits="0" branch="false"/>
							</lines>
						</method>
					</methods>
					<lines>
						<line number="22" hits="2" branch="false"/>
						<line number="23" hits="2" branch="false"/>
						<line number="24" hits="2" branch="false"/>
						<line number="25" hits="2" branch="false"/>
						<line number="26" hits="2" branch="false"/>
						<line number="27" hits="2" branch="false"/>
						<line number="28" hits="2" branch="false"/>
						<line number="39" hits="1" branch="false"/>
						<line number="40" hits="1" branch="false"/>
						<line number="41" hits="1" branch="false"/>
						<line number="42" hits="1" branch="false"/>
						<line number="43" hits="1" branch="false"/>
						<line number="44" hits="1" branch="false"/>
						<line number="45" hits="1" branch="false"/>
						<line number="49" hits="2" branch="false"/>
						<line number="53" hits="2" branch="false"/>
						<line number="54" hits="2" branch="false"/>
						<line number="57" hits="0" branch="false"/>
						<line number="61" hits="2" branch="false"/>
						<line number="62" hits="2" branch="false"/>
						<line number="66" hits="0" branch="false"/>
						<line number="67" hits="0" branch="false"/>
					</lines>
				</class>
				<class name="christmastree.Order" filename="christmastree/Order.java" line-rate="0.5882352941176471" branch-rate="1.0" complexity="0.0">
					<methods>
						<method name="&lt;init&gt;" signature="(Ljava/lang/String;Ljava/lang/String;Ljava/lang/String;)V" line-rate="1.0" branch-rate="1.0" complexity="0">
							<lines>
								<line number="19" hits="3" branch="false"/>
								<line number="27" hits="3" branch="false"/>
								<line number="29" hits="3" branch="false"/>
								<line number="30" hits="3" branch="false"/>
								<line number="31" hits="3" branch="false"/>
								<line number="32" hits="3" branch="false"/>
								<line number="33" hits="3" branch="false"/>
							</lines>
						</method>
						<method name="getDate" signature="()Ljava/util/Date;" line-rate="0.0" branch-rate="1.0" complexity="0">
							<lines>
								<line number="60" hits="0" branch="false"/>
							</lines>
						</method>
						<method name="getDeliveryAddress" signature="()Ljava/lang/String;" line-rate="1.0" branch-rate="1.0" complexity="0">
							<lines>
								<line number="40" hits="1" branch="false"/>
							</lines>
						</method>
						<method name="getName" signature="()Ljava/lang/String;" line-rate="1.0" branch-rate="1.0" complexity="0">
							<lines>
								<line number="48" hits="2" branch="false"/>
							</lines>
						</method>
						<method name="getSurname" signature="()Ljava/lang/String;" line-rate="1.0" branch-rate="1.0" complexity="0">
							<lines>
								<line number="56" hits="1" branch="false"/>
							</lines>
						</method>
						<method name="setDeliveryAdress" signature="(Ljava/lang/String;)V" line-rate="0.0" branch-rate="1.0" complexity="0">
							<lines>
								<line number="36" hits="0" branch="false"/>
								<line number="37" hits="0" branch="false"/>
							</lines>
						</method>
						<method name="setName" signature="(Ljava/lang/String;)V" line-rate="0.0" branch-rate="1.0" complexity="0">
							<lines>
								<line number="44" hits="0" branch="false"/>
								<line number="45" hits="0" branch="false"/>
							</lines>
						</method>
						<method name="setSurname" signature="(Ljava/lang/String;)V" line-rate="0.0" branch-rate="1.0" complexity="0">
							<lines>
								<line number="52" hits="0" branch="false"/>
								<line number="53" hits="0" branch="false"/>
							</lines>
						</method>
					</methods>
					<lines>
						<line number="19" hits="3" branch="false"/>
						<line number="27" hits="3" branch="false"/>
						<line number="29" hits="3" branch="false"/>
						<line number="30" hits="3" branch="false"/>
						<line number="31" hits="3" branch="false"/>
						<line number="32" hits="3" branch="false"/>
						<line number="33" hits="3" branch="false"/>
						<line number="36" hits="0" branch="false"/>
						<line number="37" hits="0" branch="false"/>
						<line number="40" hits="1" branch="false"/>
						<line number="44" hits="0" branch="false"/>
						<line number="45" hits="0" branch="false"/>
						<line number="48" hits="2" branch="false"/>
						<line number="52" hits="0" branch="false"/>
						<line number="53" hits="0" branch="false"/>
						<line number="56" hits="1" branch="false"/>
						<line number="60" hits="0" branch="false"/>
					</lines>
				</class>
				<class name="christmastree.SyntheticGarland" filename="christmastree/SyntheticGarland.java" line-rate="0.9230769230769231" branch-rate="0.5" complexity="0.0">
					<methods>
						<method name="&lt;init&gt;" signature="(Lchristmastree/ChrismasTree;)V" line-rate="0.9090909090909091" branch-rate="0.5" complexity="0">
							<lines>
								<line number="23" hits="2" branch="false"/>
								<line number="24" hits="4" branch="false"/>
								<line number="25" hits="2" branch="true" condition-coverage="50% (1/2)">
									<conditions>
										<condition number="0" type="jump" coverage="50%"/>
									</conditions>
								</line>
								<line number="27" hits="2" branch="false"/>
								<line number="28" hits="2" branch="false"/>
								<line number="29" hits="2" branch="false"/>
								<line number="30" hits="2" branch="false"/>
								<line number="31" hits="4" branch="false"/>
								<line number="32" hits="2" branch="true" condition-coverage="50% (1/2)">
									<conditions>
										<condition number="0" type="jump" coverage="50%"/>
									</conditions>
								</line>
								<line number="34" hits="0" branch="false"/>
								<line number="35" hits="2" branch="false"/>
							</lines>
						</method>
						<method name="&lt;init&gt;" signature="(Ljava/lang/String;Ljava/lang/String;Ljava/lang/String;DDLchristmastree/ChrismasTree;)V" line-rate="0.9090909090909091" branch-rate="0.5" complexity="0">
							<lines>
								<line number="53" hits="1" branch="false"/>
								<line number="54" hits="2" branch="false"/>
								<line number="55" hits="1" branch="true" condition-coverage="50% (1/2)">
									<conditions>
										<condition number="0" type="jump" coverage="50%"/>
									</conditions>
								</line>
								<line number="57" hits="1" branch="false"/>
								<line number="58" hits="1" branch="false"/>
								<line number="59" hits="1" branch="false"/>
								<line number="60" hits="1" branch="false"/>
								<line number="61" hits="1" branch="false"/>
								<line number="62" hits="1" branch="true" condition-coverage="50% (1/2)">
									<conditions>
										<condition number="0" type="jump" coverage="50%"/>
									</conditions>
								</line>
								<line number="64" hits="0" branch="false"/>
								<line number="65" hits="1" branch="false"/>
							</lines>
						</method>
						<method name="getPaillette" signature="()Ljava/lang/String;" line-rate="1.0" branch-rate="1.0" complexity="0">
							<lines>
								<line number="69" hits="4" branch="false"/>
							</lines>
						</method>
						<method name="setPaillette" signature="(Ljava/lang/String;)V" line-rate="1.0" branch-rate="1.0" complexity="0">
							<lines>
								<line number="73" hits="2" branch="false"/>
								<line number="74" hits="2" branch="false"/>
							</lines>
						</method>
						<method name="toString" signature="()Ljava/lang/String;" line-rate="1.0" branch-rate="1.0" complexity="0">
							<lines>
								<line number="78" hits="4" branch="false"/>
							</lines>
						</method>
					</methods>
					<lines>
						<line number="23" hits="2" branch="false"/>
						<line number="24" hits="4" branch="false"/>
						<line number="25" hits="2" branch="true" condition-coverage="50% (1/2)">
							<conditions>
								<condition number="0" type="jump" coverage="50%"/>
							</conditions>
						</line>
						<line number="27" hits="2" branch="false"/>
						<line number="28" hits="2" branch="false"/>
						<line number="29" hits="2" branch="false"/>
						<line number="30" hits="2" branch="false"/>
						<line number="31" hits="4" branch="false"/>
						<line number="32" hits="2" branch="true" condition-coverage="50% (1/2)">
							<conditions>
								<condition number="0" type="jump" coverage="50%"/>
							</conditions>
						</line>
						<line number="34" hits="0" branch="false"/>
						<line number="35" hits="2" branch="false"/>
						<line number="53" hits="1" branch="false"/>
						<line number="54" hits="2" branch="false"/>
						<line number="55" hits="1" branch="true" condition-coverage="50% (1/2)">
							<conditions>
								<condition number="0" type="jump" coverage="50%"/>
							</conditions>
						</line>
						<line number="57" hits="1" branch="false"/>
						<line number="58" hits="1" branch="false"/>
						<line number="59" hits="1" branch="false"/>
						<line number="60" hits="1" branch="false"/>
						<line number="61" hits="1" branch="false"/>
						<line number="62" hits="1" branch="true" condition-coverage="50% (1/2)">
							<conditions>
								<condition number="0" type="jump" coverage="50%"/>
							</conditions>
						</line>
						<line number="64" hits="0" branch="false"/>
						<line number="65" hits="1" branch="false"/>
						<line number="69" hits="4" branch="false"/>
						<line number="73" hits="2" branch="false"/>
						<line number="74" hits="2" branch="false"/>
						<line number="78" hits="4" branch="false"/>
					</lines>
				</class>
			</classes>
		</package>
	</packages>
</coverage>
